<?xml version="1.0" encoding="UTF-8"?>
<!-- Generated by org.testng.reporters.JUnitReportReporter -->
<testsuite hostname="LAPTOP-4DCOOT8S" failures="0" tests="2" name="qa.Test.testCase1" time="1.945" errors="0" timestamp="2023-03-22T21:17:34 PST" skipped="0">
  <testcase classname="qa.Test.testCase1" name="sample" time="1.789"/>
  <system-out/>
  <testcase classname="qa.Test.testCase1" name="sample2" time="0.156"/>
  <system-out/>
</testsuite> <!-- qa.Test.testCase1 -->
